c:\users\garen\source\repos\first_cg\first_cg\debug\vc142.pdb
c:\users\garen\source\repos\first_cg\first_cg\debug\vc142.idb
c:\users\garen\source\repos\first_cg\first_cg\debug\main.obj
c:\users\garen\source\repos\first_cg\first_cg\debug\simpletriangle.obj
c:\users\garen\source\repos\first_cg\first_cg\debug\interleaved.obj
c:\users\garen\source\repos\first_cg\first_cg\debug\colorbuffer.obj
c:\users\garen\source\repos\first_cg\first_cg\debug\glad.obj
c:\users\garen\source\repos\first_cg\first_cg\debug\cubecode.obj
c:\users\garen\source\repos\first_cg\first_cg\debug\triangle_incomplete.obj
c:\users\garen\source\repos\first_cg\debug\first_cg.exe
c:\users\garen\source\repos\first_cg\debug\first_cg.ilk
c:\users\garen\source\repos\first_cg\debug\first_cg.pdb
c:\users\garen\source\repos\first_cg\first_cg\debug\originaltriangle.obj
c:\users\garen\source\repos\first_cg\first_cg\debug\cubecode.obj.enc
c:\users\garen\source\repos\first_cg\first_cg\debug\vc141.idb
c:\users\garen\source\repos\first_cg\first_cg\debug\vc141.pdb
c:\users\garen\source\repos\first_cg\first_cg\debug\first_cg.tlog\cl.command.1.tlog
c:\users\garen\source\repos\first_cg\first_cg\debug\first_cg.tlog\cl.read.1.tlog
c:\users\garen\source\repos\first_cg\first_cg\debug\first_cg.tlog\cl.write.1.tlog
c:\users\garen\source\repos\first_cg\first_cg\debug\first_cg.tlog\link.command.1.tlog
c:\users\garen\source\repos\first_cg\first_cg\debug\first_cg.tlog\link.read.1.tlog
c:\users\garen\source\repos\first_cg\first_cg\debug\first_cg.tlog\link.write.1.tlog
