Compiling the C compiler identification source file "CMakeCCompilerId.c" failed.
Compiler: C:/Program Files (x86)/Microsoft Visual Studio/2019/Community/VC/Tools/MSVC/14.22.27905/bin/HostX64/x64/cl.exe 
Build flags: 
Id flags:  

The output was:
1
Microsoft (R) C/C++ Optimizing Compiler Version 19.22.27905 for x64
Copyright (C) Microsoft Corporation.  All rights reserved.

CMakeCCompilerId.c
C:\Users\Garen\source\repos\First_CG\Dependencies\glm\out\build\x64-Debug\CMakeFiles\3.14.19060802-MSVC_2\CompilerIdC\CMakeCCompilerId.c : fatal error C1083: Cannot open compiler generated file: 'C:\Users\Garen\source\repos\First_CG\Dependencies\glm\out\build\x64-Debug\CMakeFiles\3.14.19060802-MSVC_2\CompilerIdC\CMakeCCompilerId.obj': Permission denied


The C compiler identification could not be found in "C:/Users/Garen/source/repos/First_CG/Dependencies/glm/out/build/x64-Debug/CMakeFiles/3.14.19060802-MSVC_2/CompilerIdC/CMakeCCompilerId.exe"

The C compiler identification could not be found in "C:/Users/Garen/source/repos/First_CG/Dependencies/glm/out/build/x64-Debug/CMakeFiles/3.14.19060802-MSVC_2/CompilerIdC/CMakeCCompilerId.exe"

Compiling the CXX compiler identification source file "CMakeCXXCompilerId.cpp" failed.
Compiler: C:/Program Files (x86)/Microsoft Visual Studio/2019/Community/VC/Tools/MSVC/14.22.27905/bin/HostX64/x64/cl.exe 
Build flags: 
Id flags:  

The output was:
2
Microsoft (R) C/C++ Optimizing Compiler Version 19.22.27905 for x64
Copyright (C) Microsoft Corporation.  All rights reserved.

CMakeCXXCompilerId.cpp
Microsoft (R) Incremental Linker Version 14.22.27905.0
Copyright (C) Microsoft Corporation.  All rights reserved.

/out:CMakeCXXCompilerId.exe 
CMakeCXXCompilerId.obj 
LINK : fatal error LNK1104: cannot open file 'CMakeCXXCompilerId.exe'


Compiling the CXX compiler identification source file "CMakeCXXCompilerId.cpp" failed.
Compiler: C:/Program Files (x86)/Microsoft Visual Studio/2019/Community/VC/Tools/MSVC/14.22.27905/bin/HostX64/x64/cl.exe 
Build flags: 
Id flags:  

The output was:
2
Microsoft (R) C/C++ Optimizing Compiler Version 19.22.27905 for x64
Copyright (C) Microsoft Corporation.  All rights reserved.

CMakeCXXCompilerId.cpp
Microsoft (R) Incremental Linker Version 14.22.27905.0
Copyright (C) Microsoft Corporation.  All rights reserved.

/out:CMakeCXXCompilerId.exe 
CMakeCXXCompilerId.obj 
LINK : fatal error LNK1104: cannot open file 'CMakeCXXCompilerId.exe'


Determining if the C compiler works failed with the following output:
Change Dir: C:/Users/Garen/source/repos/First_CG/Dependencies/glm/out/build/x64-Debug/CMakeFiles/CMakeTmp

Run Build Command(s):C:/Program Files (x86)/Microsoft Visual Studio/2019/Community/Common7/IDE/CommonExtensions/Microsoft/CMake/Ninja/ninja.exe cmTC_59f53 
ninja: error: build.ninja:40: unknown build rule 'C_COMPILER__cmTC_59f53'
build CMakeFiles\cmTC_59f53.dir\testCCompiler.c.obj: C_COMPILER__cmTC_59...
                                                   ^ near here


Determining if the C compiler works failed with the following output:
Change Dir: C:/Users/Garen/source/repos/First_CG/Dependencies/glm/out/build/x64-Debug/CMakeFiles/CMakeTmp

Run Build Command(s):C:/Program Files (x86)/Microsoft Visual Studio/2019/Community/Common7/IDE/CommonExtensions/Microsoft/CMake/Ninja/ninja.exe cmTC_daf68 
ninja: error: build.ninja:40: unknown build rule 'C_COMPILER__cmTC_59f53'
build CMakeFiles\cmTC_59f53.dir\testCCompiler.c.obj: C_COMPILER__cmTC_59...
                                                   ^ near here


Determining if the C compiler works failed with the following output:
Change Dir: C:/Users/Garen/source/repos/First_CG/Dependencies/glm/out/build/x64-Debug/CMakeFiles/CMakeTmp

Run Build Command(s):C:/Program Files (x86)/Microsoft Visual Studio/2019/Community/Common7/IDE/CommonExtensions/Microsoft/CMake/Ninja/ninja.exe cmTC_7fe96 
ninja: error: build.ninja:40: unknown build rule 'C_COMPILER__cmTC_59f53'
build CMakeFiles\cmTC_59f53.dir\testCCompiler.c.obj: C_COMPILER__cmTC_59...
                                                   ^ near here


